0 info it worked if it ends with ok
1 verbose cli [ 'node', '/usr/local/bin/npm', 'install' ]
2 info using npm@2.0.0
3 info using node@v0.10.32
4 verbose node symlink /usr/local/bin/node
5 verbose readDependencies using package.json deps
6 verbose install where, deps [ '/Users/dame/Development/evernote-hansei',
6 verbose install   [ 'pitcher', 'thrift' ] ]
7 info preinstall evernote-hansei@0.1.0
8 verbose readDependencies using package.json deps
9 verbose cache add [ 'pitcher@^0.1.4', null ]
10 verbose cache add spec="pitcher@^0.1.4" args=["pitcher@^0.1.4",null]
11 verbose parsed spec { raw: 'pitcher@^0.1.4',
11 verbose parsed spec   scope: null,
11 verbose parsed spec   name: 'pitcher',
11 verbose parsed spec   rawSpec: '^0.1.4',
11 verbose parsed spec   spec: '>=0.1.4 <0.2.0',
11 verbose parsed spec   type: 'range' }
12 verbose cache add [ 'thrift@file:thrift', null ]
13 verbose cache add spec="thrift@file:thrift" args=["thrift@file:thrift",null]
14 verbose parsed spec { raw: 'thrift@file:thrift',
14 verbose parsed spec   scope: null,
14 verbose parsed spec   name: 'thrift',
14 verbose parsed spec   rawSpec: 'file:thrift',
14 verbose parsed spec   spec: 'thrift',
14 verbose parsed spec   type: 'local' }
15 verbose parsed spec { raw: 'pitcher@^0.1.4',
15 verbose parsed spec   scope: null,
15 verbose parsed spec   name: 'pitcher',
15 verbose parsed spec   rawSpec: '^0.1.4',
15 verbose parsed spec   spec: '>=0.1.4 <0.2.0',
15 verbose parsed spec   type: 'range' }
16 verbose addNamed [ 'pitcher', '>=0.1.4 <0.2.0' ]
17 verbose addNamed [ null, '>=0.1.4 <0.2.0' ]
18 verbose parsed spec { raw: '/Users/dame/Development/evernote-hansei/thrift',
18 verbose parsed spec   scope: null,
18 verbose parsed spec   name: null,
18 verbose parsed spec   rawSpec: '/Users/dame/Development/evernote-hansei/thrift',
18 verbose parsed spec   spec: '/Users/dame/Development/evernote-hansei/thrift',
18 verbose parsed spec   type: 'local' }
19 silly lockFile cea0c859-pitcher-0-1-4-0-2-0 pitcher@>=0.1.4 <0.2.0
20 verbose lock pitcher@>=0.1.4 <0.2.0 /Users/dame/.npm/cea0c859-pitcher-0-1-4-0-2-0.lock
21 silly addNameRange { name: 'pitcher', range: '>=0.1.4 <0.2.0', hasData: false }
22 verbose mapToRegistry name pitcher
23 verbose mapToRegistry uri https://registry.npmjs.org/pitcher
24 verbose request on initialization, where is /pitcher
25 verbose request after pass 1, where is /pitcher
26 verbose request url raw /pitcher
27 verbose request resolving registry [ 'https://registry.npmjs.org/', './pitcher' ]
28 verbose request after pass 2, where is https://registry.npmjs.org/pitcher
29 verbose request no auth needed
30 info attempt registry request try #1 at 20:46:48
31 verbose request using bearer token for auth
32 verbose request id 94ddad1c5500b99b
33 verbose etag "4ACVEMYHO4NQGTL6L9NG7F2K2"
34 http request GET https://registry.npmjs.org/pitcher
35 http 304 https://registry.npmjs.org/pitcher
36 silly registry.get cb [ 304,
36 silly registry.get   { server: 'CouchDB/1.5.0 (Erlang OTP/R16B03)',
36 silly registry.get     etag: '"4ACVEMYHO4NQGTL6L9NG7F2K2"',
36 silly registry.get     'cache-control': 'max-age=60',
36 silly registry.get     'accept-ranges': 'bytes',
36 silly registry.get     date: 'Sat, 04 Jul 2015 03:46:49 GMT',
36 silly registry.get     via: '1.1 varnish',
36 silly registry.get     connection: 'keep-alive',
36 silly registry.get     'x-served-by': 'cache-lax1433-LAX',
36 silly registry.get     'x-cache': 'MISS',
36 silly registry.get     'x-cache-hits': '0',
36 silly registry.get     'x-timer': 'S1435981609.277572,VS0,VE332' } ]
37 verbose etag https://registry.npmjs.org/pitcher from cache
38 silly addNameRange number 2 { name: 'pitcher', range: '>=0.1.4 <0.2.0', hasData: true }
39 silly addNameRange versions [ 'pitcher', [ '0.1.0', '0.1.1', '0.1.2', '0.1.3', '0.1.4' ] ]
40 verbose addNamed [ 'pitcher', '0.1.4' ]
41 verbose addNamed [ '0.1.4', '0.1.4' ]
42 silly lockFile 8f381b26-pitcher-0-1-4 pitcher@0.1.4
43 verbose lock pitcher@0.1.4 /Users/dame/.npm/8f381b26-pitcher-0-1-4.lock
44 silly lockFile 8f381b26-pitcher-0-1-4 pitcher@0.1.4
45 silly lockFile 8f381b26-pitcher-0-1-4 pitcher@0.1.4
46 silly lockFile cea0c859-pitcher-0-1-4-0-2-0 pitcher@>=0.1.4 <0.2.0
47 silly lockFile cea0c859-pitcher-0-1-4-0-2-0 pitcher@>=0.1.4 <0.2.0
48 verbose stack Error: couldn't figure out how to install /Users/dame/Development/evernote-hansei/thrift
48 verbose stack     at addNonLocal (/usr/local/lib/node_modules/npm/lib/cache.js:309:12)
48 verbose stack     at /usr/local/lib/node_modules/npm/lib/cache.js:278:20
48 verbose stack     at Object.oncomplete (evalmachine.<anonymous>:107:15)
49 verbose cwd /Users/dame/Development/evernote-hansei
50 error Darwin 13.4.0
51 error argv "node" "/usr/local/bin/npm" "install"
52 error node v0.10.32
53 error npm  v2.0.0
54 error couldn't figure out how to install /Users/dame/Development/evernote-hansei/thrift
55 error If you need help, you may report this error at:
55 error     <http://github.com/npm/npm/issues>
56 verbose exit [ 1, true ]
